blockSize:  3217698	 numOfThread:    1	 matchCount: 21625	 runningTime:    50.000000
blockSize:  1608849	 numOfThread:    2	 matchCount: 21625	 runningTime:    30.000000
blockSize:  1072566	 numOfThread:    3	 matchCount: 21625	 runningTime:    10.000000
blockSize:  804424	 numOfThread:    4	 matchCount: 21625	 runningTime:    20.000000
blockSize:  643539	 numOfThread:    5	 matchCount: 21625	 runningTime:    20.000000
blockSize:  536283	 numOfThread:    6	 matchCount: 21625	 runningTime:    20.000000
blockSize:  459671	 numOfThread:    7	 matchCount: 21625	 runningTime:    10.000000
blockSize:  402212	 numOfThread:    8	 matchCount: 21625	 runningTime:    20.000000
blockSize:  357522	 numOfThread:    9	 matchCount: 21625	 runningTime:    20.000000
blockSize:  321769	 numOfThread:    10	 matchCount: 21625	 runningTime:    20.000000
blockSize:  292518	 numOfThread:    11	 matchCount: 21625	 runningTime:    10.000000
blockSize:  268141	 numOfThread:    12	 matchCount: 21625	 runningTime:    20.000000
blockSize:  247515	 numOfThread:    13	 matchCount: 21625	 runningTime:    20.000000
blockSize:  229835	 numOfThread:    14	 matchCount: 21625	 runningTime:    20.000000
blockSize:  214513	 numOfThread:    15	 matchCount: 21625	 runningTime:    20.000000
blockSize:  201106	 numOfThread:    16	 matchCount: 21625	 runningTime:    10.000000
blockSize:  189276	 numOfThread:    17	 matchCount: 21625	 runningTime:    20.000000
blockSize:  178761	 numOfThread:    18	 matchCount: 21625	 runningTime:    20.000000
blockSize:  169352	 numOfThread:    19	 matchCount: 21625	 runningTime:    20.000000
blockSize:  160884	 numOfThread:    20	 matchCount: 21625	 runningTime:    20.000000
blockSize:  153223	 numOfThread:    21	 matchCount: 21625	 runningTime:    10.000000
blockSize:  146259	 numOfThread:    22	 matchCount: 21625	 runningTime:    20.000000
blockSize:  139899	 numOfThread:    23	 matchCount: 21625	 runningTime:    20.000000
blockSize:  134070	 numOfThread:    24	 matchCount: 21625	 runningTime:    20.000000
blockSize:  128707	 numOfThread:    25	 matchCount: 21625	 runningTime:    20.000000
blockSize:  123757	 numOfThread:    26	 matchCount: 21625	 runningTime:    10.000000
blockSize:  119174	 numOfThread:    27	 matchCount: 21625	 runningTime:    20.000000
blockSize:  114917	 numOfThread:    28	 matchCount: 21625	 runningTime:    20.000000
blockSize:  110955	 numOfThread:    29	 matchCount: 21625	 runningTime:    20.000000
blockSize:  107256	 numOfThread:    30	 matchCount: 21625	 runningTime:    10.000000
blockSize:  103796	 numOfThread:    31	 matchCount: 21625	 runningTime:    20.000000
blockSize:  100553	 numOfThread:    32	 matchCount: 21625	 runningTime:    20.000000
blockSize:  97506	 numOfThread:    33	 matchCount: 21625	 runningTime:    20.000000
blockSize:  94638	 numOfThread:    34	 matchCount: 21625	 runningTime:    20.000000
blockSize:  91934	 numOfThread:    35	 matchCount: 21625	 runningTime:    10.000000
blockSize:  89380	 numOfThread:    36	 matchCount: 21625	 runningTime:    20.000000
blockSize:  86964	 numOfThread:    37	 matchCount: 21625	 runningTime:    20.000000
blockSize:  84676	 numOfThread:    38	 matchCount: 21625	 runningTime:    20.000000
blockSize:  82505	 numOfThread:    39	 matchCount: 21625	 runningTime:    20.000000
blockSize:  80442	 numOfThread:    40	 matchCount: 21625	 runningTime:    20.000000
blockSize:  78480	 numOfThread:    41	 matchCount: 21625	 runningTime:    10.000000
blockSize:  76611	 numOfThread:    42	 matchCount: 21625	 runningTime:    20.000000
blockSize:  74830	 numOfThread:    43	 matchCount: 21625	 runningTime:    20.000000
blockSize:  73129	 numOfThread:    44	 matchCount: 21625	 runningTime:    20.000000
blockSize:  71504	 numOfThread:    45	 matchCount: 21625	 runningTime:    20.000000
blockSize:  69949	 numOfThread:    46	 matchCount: 21625	 runningTime:    10.000000
blockSize:  68461	 numOfThread:    47	 matchCount: 21625	 runningTime:    30.000000
blockSize:  67035	 numOfThread:    48	 matchCount: 21625	 runningTime:    20.000000
blockSize:  65667	 numOfThread:    49	 matchCount: 21625	 runningTime:    10.000000
blockSize:  64353	 numOfThread:    50	 matchCount: 21625	 runningTime:    20.000000
blockSize:  63092	 numOfThread:    51	 matchCount: 21625	 runningTime:    20.000000
blockSize:  61878	 numOfThread:    52	 matchCount: 21625	 runningTime:    20.000000
blockSize:  60711	 numOfThread:    53	 matchCount: 21625	 runningTime:    10.000000
blockSize:  59587	 numOfThread:    54	 matchCount: 21625	 runningTime:    20.000000
blockSize:  58503	 numOfThread:    55	 matchCount: 21625	 runningTime:    30.000000
blockSize:  57458	 numOfThread:    56	 matchCount: 21625	 runningTime:    10.000000
blockSize:  56450	 numOfThread:    57	 matchCount: 21625	 runningTime:    20.000000
blockSize:  55477	 numOfThread:    58	 matchCount: 21625	 runningTime:    20.000000
blockSize:  54537	 numOfThread:    59	 matchCount: 21625	 runningTime:    20.000000
blockSize:  53628	 numOfThread:    60	 matchCount: 21625	 runningTime:    20.000000
blockSize:  52749	 numOfThread:    61	 matchCount: 21625	 runningTime:    20.000000
blockSize:  51898	 numOfThread:    62	 matchCount: 21625	 runningTime:    10.000000
blockSize:  51074	 numOfThread:    63	 matchCount: 21625	 runningTime:    20.000000
blockSize:  50276	 numOfThread:    64	 matchCount: 21625	 runningTime:    20.000000
blockSize:  49503	 numOfThread:    65	 matchCount: 21625	 runningTime:    20.000000
blockSize:  48753	 numOfThread:    66	 matchCount: 21625	 runningTime:    10.000000
blockSize:  48025	 numOfThread:    67	 matchCount: 21625	 runningTime:    20.000000
blockSize:  47319	 numOfThread:    68	 matchCount: 21625	 runningTime:    30.000000
blockSize:  46633	 numOfThread:    69	 matchCount: 21625	 runningTime:    20.000000
blockSize:  45967	 numOfThread:    70	 matchCount: 21625	 runningTime:    10.000000
blockSize:  45319	 numOfThread:    71	 matchCount: 21625	 runningTime:    20.000000
blockSize:  44690	 numOfThread:    72	 matchCount: 21625	 runningTime:    20.000000
blockSize:  44078	 numOfThread:    73	 matchCount: 21625	 runningTime:    20.000000
blockSize:  43482	 numOfThread:    74	 matchCount: 21625	 runningTime:    10.000000
blockSize:  42902	 numOfThread:    75	 matchCount: 21625	 runningTime:    20.000000
blockSize:  42338	 numOfThread:    76	 matchCount: 21625	 runningTime:    20.000000
blockSize:  41788	 numOfThread:    77	 matchCount: 21625	 runningTime:    20.000000
blockSize:  41252	 numOfThread:    78	 matchCount: 21625	 runningTime:    20.000000
blockSize:  40730	 numOfThread:    79	 matchCount: 21625	 runningTime:    20.000000
blockSize:  40221	 numOfThread:    80	 matchCount: 21625	 runningTime:    20.000000
blockSize:  39724	 numOfThread:    81	 matchCount: 21625	 runningTime:    20.000000
blockSize:  39240	 numOfThread:    82	 matchCount: 21625	 runningTime:    20.000000
blockSize:  38767	 numOfThread:    83	 matchCount: 21625	 runningTime:    10.000000
blockSize:  38305	 numOfThread:    84	 matchCount: 21625	 runningTime:    20.000000
blockSize:  37855	 numOfThread:    85	 matchCount: 21625	 runningTime:    20.000000
blockSize:  37415	 numOfThread:    86	 matchCount: 21625	 runningTime:    20.000000
blockSize:  36985	 numOfThread:    87	 matchCount: 21625	 runningTime:    20.000000
blockSize:  36564	 numOfThread:    88	 matchCount: 21625	 runningTime:    20.000000
blockSize:  36153	 numOfThread:    89	 matchCount: 21625	 runningTime:    20.000000
blockSize:  35752	 numOfThread:    90	 matchCount: 21625	 runningTime:    10.000000
blockSize:  35359	 numOfThread:    91	 matchCount: 21625	 runningTime:    20.000000
blockSize:  34974	 numOfThread:    92	 matchCount: 21625	 runningTime:    20.000000
blockSize:  34598	 numOfThread:    93	 matchCount: 21625	 runningTime:    20.000000
blockSize:  34230	 numOfThread:    94	 matchCount: 21625	 runningTime:    20.000000
blockSize:  33870	 numOfThread:    95	 matchCount: 21625	 runningTime:    20.000000
blockSize:  33517	 numOfThread:    96	 matchCount: 21625	 runningTime:    10.000000
blockSize:  33172	 numOfThread:    97	 matchCount: 21625	 runningTime:    20.000000
blockSize:  32833	 numOfThread:    98	 matchCount: 21625	 runningTime:    30.000000
blockSize:  32502	 numOfThread:    99	 matchCount: 21625	 runningTime:    20.000000
blockSize:  32176	 numOfThread:    100	 matchCount: 21625	 runningTime:    20.000000
blockSize:  31858	 numOfThread:    101	 matchCount: 21625	 runningTime:    10.000000
blockSize:  31546	 numOfThread:    102	 matchCount: 21625	 runningTime:    20.000000
blockSize:  31239	 numOfThread:    103	 matchCount: 21625	 runningTime:    20.000000
blockSize:  30939	 numOfThread:    104	 matchCount: 21625	 runningTime:    10.000000
blockSize:  30644	 numOfThread:    105	 matchCount: 21625	 runningTime:    30.000000
blockSize:  30355	 numOfThread:    106	 matchCount: 21625	 runningTime:    20.000000
blockSize:  30071	 numOfThread:    107	 matchCount: 21625	 runningTime:    20.000000
blockSize:  29793	 numOfThread:    108	 matchCount: 21625	 runningTime:    10.000000
blockSize:  29520	 numOfThread:    109	 matchCount: 21625	 runningTime:    20.000000
blockSize:  29251	 numOfThread:    110	 matchCount: 21625	 runningTime:    20.000000
blockSize:  28988	 numOfThread:    111	 matchCount: 21625	 runningTime:    20.000000
blockSize:  28729	 numOfThread:    112	 matchCount: 21625	 runningTime:    20.000000
blockSize:  28475	 numOfThread:    113	 matchCount: 21625	 runningTime:    20.000000
blockSize:  28225	 numOfThread:    114	 matchCount: 21625	 runningTime:    20.000000
blockSize:  27979	 numOfThread:    115	 matchCount: 21625	 runningTime:    20.000000
blockSize:  27738	 numOfThread:    116	 matchCount: 21625	 runningTime:    20.000000
blockSize:  27501	 numOfThread:    117	 matchCount: 21625	 runningTime:    10.000000
blockSize:  27268	 numOfThread:    118	 matchCount: 21625	 runningTime:    20.000000
blockSize:  27039	 numOfThread:    119	 matchCount: 21625	 runningTime:    20.000000
blockSize:  26814	 numOfThread:    120	 matchCount: 21625	 runningTime:    30.000000
blockSize:  26592	 numOfThread:    121	 matchCount: 21625	 runningTime:    10.000000
blockSize:  26374	 numOfThread:    122	 matchCount: 21625	 runningTime:    20.000000
blockSize:  26160	 numOfThread:    123	 matchCount: 21625	 runningTime:    20.000000
blockSize:  25949	 numOfThread:    124	 matchCount: 21625	 runningTime:    20.000000
blockSize:  25741	 numOfThread:    125	 matchCount: 21625	 runningTime:    10.000000
blockSize:  25537	 numOfThread:    126	 matchCount: 21625	 runningTime:    30.000000
blockSize:  25336	 numOfThread:    127	 matchCount: 21625	 runningTime:    20.000000
blockSize:  25138	 numOfThread:    128	 matchCount: 21625	 runningTime:    10.000000
blockSize:  24943	 numOfThread:    129	 matchCount: 21625	 runningTime:    20.000000
blockSize:  24751	 numOfThread:    130	 matchCount: 21625	 runningTime:    20.000000
blockSize:  24562	 numOfThread:    131	 matchCount: 21625	 runningTime:    20.000000
blockSize:  24376	 numOfThread:    132	 matchCount: 21625	 runningTime:    20.000000
blockSize:  24193	 numOfThread:    133	 matchCount: 21625	 runningTime:    30.000000
blockSize:  24012	 numOfThread:    134	 matchCount: 21625	 runningTime:    10.000000
blockSize:  23834	 numOfThread:    135	 matchCount: 21625	 runningTime:    20.000000
blockSize:  23659	 numOfThread:    136	 matchCount: 21625	 runningTime:    20.000000
blockSize:  23486	 numOfThread:    137	 matchCount: 21625	 runningTime:    20.000000
blockSize:  23316	 numOfThread:    138	 matchCount: 21625	 runningTime:    20.000000
blockSize:  23148	 numOfThread:    139	 matchCount: 21625	 runningTime:    20.000000
blockSize:  22983	 numOfThread:    140	 matchCount: 21625	 runningTime:    10.000000
blockSize:  22820	 numOfThread:    141	 matchCount: 21625	 runningTime:    30.000000
blockSize:  22659	 numOfThread:    142	 matchCount: 21625	 runningTime:    20.000000
blockSize:  22501	 numOfThread:    143	 matchCount: 21625	 runningTime:    10.000000
blockSize:  22345	 numOfThread:    144	 matchCount: 21625	 runningTime:    20.000000
blockSize:  22191	 numOfThread:    145	 matchCount: 21625	 runningTime:    20.000000
blockSize:  22039	 numOfThread:    146	 matchCount: 21625	 runningTime:    30.000000
blockSize:  21889	 numOfThread:    147	 matchCount: 21625	 runningTime:    10.000000
blockSize:  21741	 numOfThread:    148	 matchCount: 21625	 runningTime:    20.000000
blockSize:  21595	 numOfThread:    149	 matchCount: 21625	 runningTime:    20.000000
blockSize:  21451	 numOfThread:    150	 matchCount: 21625	 runningTime:    20.000000
blockSize:  21309	 numOfThread:    151	 matchCount: 21625	 runningTime:    20.000000
blockSize:  21169	 numOfThread:    152	 matchCount: 21625	 runningTime:    20.000000
blockSize:  21030	 numOfThread:    153	 matchCount: 21625	 runningTime:    20.000000
blockSize:  20894	 numOfThread:    154	 matchCount: 21625	 runningTime:    10.000000
blockSize:  20759	 numOfThread:    155	 matchCount: 21625	 runningTime:    30.000000
blockSize:  20626	 numOfThread:    156	 matchCount: 21625	 runningTime:    20.000000
blockSize:  20494	 numOfThread:    157	 matchCount: 21625	 runningTime:    20.000000
blockSize:  20365	 numOfThread:    158	 matchCount: 21625	 runningTime:    20.000000
blockSize:  20237	 numOfThread:    159	 matchCount: 21625	 runningTime:    10.000000
blockSize:  20110	 numOfThread:    160	 matchCount: 21625	 runningTime:    20.000000
blockSize:  19985	 numOfThread:    161	 matchCount: 21625	 runningTime:    20.000000
blockSize:  19862	 numOfThread:    162	 matchCount: 21625	 runningTime:    30.000000
blockSize:  19740	 numOfThread:    163	 matchCount: 21625	 runningTime:    20.000000
blockSize:  19620	 numOfThread:    164	 matchCount: 21625	 runningTime:    10.000000
blockSize:  19501	 numOfThread:    165	 matchCount: 21625	 runningTime:    20.000000
blockSize:  19383	 numOfThread:    166	 matchCount: 21625	 runningTime:    20.000000
blockSize:  19267	 numOfThread:    167	 matchCount: 21625	 runningTime:    20.000000
blockSize:  19152	 numOfThread:    168	 matchCount: 21625	 runningTime:    20.000000
blockSize:  19039	 numOfThread:    169	 matchCount: 21625	 runningTime:    20.000000
blockSize:  18927	 numOfThread:    170	 matchCount: 21625	 runningTime:    20.000000
blockSize:  18816	 numOfThread:    171	 matchCount: 21625	 runningTime:    10.000000
blockSize:  18707	 numOfThread:    172	 matchCount: 21625	 runningTime:    20.000000
blockSize:  18599	 numOfThread:    173	 matchCount: 21625	 runningTime:    20.000000
blockSize:  18492	 numOfThread:    174	 matchCount: 21625	 runningTime:    20.000000
blockSize:  18386	 numOfThread:    175	 matchCount: 21625	 runningTime:    30.000000
blockSize:  18282	 numOfThread:    176	 matchCount: 21625	 runningTime:    10.000000
blockSize:  18179	 numOfThread:    177	 matchCount: 21625	 runningTime:    20.000000
blockSize:  18076	 numOfThread:    178	 matchCount: 21625	 runningTime:    20.000000
blockSize:  17975	 numOfThread:    179	 matchCount: 21625	 runningTime:    20.000000
blockSize:  17876	 numOfThread:    180	 matchCount: 21625	 runningTime:    30.000000
blockSize:  17777	 numOfThread:    181	 matchCount: 21625	 runningTime:    10.000000
blockSize:  17679	 numOfThread:    182	 matchCount: 21625	 runningTime:    20.000000
blockSize:  17583	 numOfThread:    183	 matchCount: 21625	 runningTime:    20.000000
blockSize:  17487	 numOfThread:    184	 matchCount: 21625	 runningTime:    20.000000
blockSize:  17392	 numOfThread:    185	 matchCount: 21625	 runningTime:    20.000000
blockSize:  17299	 numOfThread:    186	 matchCount: 21625	 runningTime:    20.000000
blockSize:  17206	 numOfThread:    187	 matchCount: 21625	 runningTime:    20.000000
blockSize:  17115	 numOfThread:    188	 matchCount: 21625	 runningTime:    20.000000
blockSize:  17024	 numOfThread:    189	 matchCount: 21625	 runningTime:    20.000000
blockSize:  16935	 numOfThread:    190	 matchCount: 21625	 runningTime:    20.000000
blockSize:  16846	 numOfThread:    191	 matchCount: 21625	 runningTime:    20.000000
blockSize:  16758	 numOfThread:    192	 matchCount: 21625	 runningTime:    20.000000
blockSize:  16672	 numOfThread:    193	 matchCount: 21625	 runningTime:    20.000000
blockSize:  16586	 numOfThread:    194	 matchCount: 21625	 runningTime:    20.000000
blockSize:  16501	 numOfThread:    195	 matchCount: 21625	 runningTime:    20.000000
blockSize:  16416	 numOfThread:    196	 matchCount: 21625	 runningTime:    20.000000
blockSize:  16333	 numOfThread:    197	 matchCount: 21625	 runningTime:    20.000000
blockSize:  16251	 numOfThread:    198	 matchCount: 21625	 runningTime:    20.000000
blockSize:  16169	 numOfThread:    199	 matchCount: 21625	 runningTime:    20.000000
blockSize:  16088	 numOfThread:    200	 matchCount: 21625	 runningTime:    20.000000
blockSize:  16008	 numOfThread:    201	 matchCount: 21625	 runningTime:    20.000000
blockSize:  15929	 numOfThread:    202	 matchCount: 21625	 runningTime:    20.000000
blockSize:  15850	 numOfThread:    203	 matchCount: 21625	 runningTime:    20.000000
blockSize:  15773	 numOfThread:    204	 matchCount: 21625	 runningTime:    20.000000
blockSize:  15696	 numOfThread:    205	 matchCount: 21625	 runningTime:    10.000000
blockSize:  15619	 numOfThread:    206	 matchCount: 21625	 runningTime:    30.000000
blockSize:  15544	 numOfThread:    207	 matchCount: 21625	 runningTime:    20.000000
blockSize:  15469	 numOfThread:    208	 matchCount: 21625	 runningTime:    20.000000
blockSize:  15395	 numOfThread:    209	 matchCount: 21625	 runningTime:    20.000000
blockSize:  15322	 numOfThread:    210	 matchCount: 21625	 runningTime:    20.000000
blockSize:  15249	 numOfThread:    211	 matchCount: 21625	 runningTime:    10.000000
blockSize:  15177	 numOfThread:    212	 matchCount: 21625	 runningTime:    20.000000
blockSize:  15106	 numOfThread:    213	 matchCount: 21625	 runningTime:    20.000000
blockSize:  15035	 numOfThread:    214	 matchCount: 21625	 runningTime:    20.000000
blockSize:  14966	 numOfThread:    215	 matchCount: 21625	 runningTime:    30.000000
blockSize:  14896	 numOfThread:    216	 matchCount: 21625	 runningTime:    20.000000
blockSize:  14828	 numOfThread:    217	 matchCount: 21625	 runningTime:    20.000000
blockSize:  14760	 numOfThread:    218	 matchCount: 21625	 runningTime:    20.000000
blockSize:  14692	 numOfThread:    219	 matchCount: 21625	 runningTime:    20.000000
blockSize:  14625	 numOfThread:    220	 matchCount: 21625	 runningTime:    10.000000
blockSize:  14559	 numOfThread:    221	 matchCount: 21625	 runningTime:    20.000000
blockSize:  14494	 numOfThread:    222	 matchCount: 21625	 runningTime:    30.000000
blockSize:  14429	 numOfThread:    223	 matchCount: 21625	 runningTime:    20.000000
blockSize:  14364	 numOfThread:    224	 matchCount: 21625	 runningTime:    20.000000
blockSize:  14300	 numOfThread:    225	 matchCount: 21625	 runningTime:    20.000000
blockSize:  14237	 numOfThread:    226	 matchCount: 21625	 runningTime:    10.000000
blockSize:  14174	 numOfThread:    227	 matchCount: 21625	 runningTime:    30.000000
blockSize:  14112	 numOfThread:    228	 matchCount: 21625	 runningTime:    20.000000
blockSize:  14051	 numOfThread:    229	 matchCount: 21625	 runningTime:    10.000000
blockSize:  13989	 numOfThread:    230	 matchCount: 21625	 runningTime:    30.000000
blockSize:  13929	 numOfThread:    231	 matchCount: 21625	 runningTime:    20.000000
blockSize:  13869	 numOfThread:    232	 matchCount: 21625	 runningTime:    20.000000
blockSize:  13809	 numOfThread:    233	 matchCount: 21625	 runningTime:    20.000000
blockSize:  13750	 numOfThread:    234	 matchCount: 21625	 runningTime:    20.000000
blockSize:  13692	 numOfThread:    235	 matchCount: 21625	 runningTime:    20.000000
blockSize:  13634	 numOfThread:    236	 matchCount: 21625	 runningTime:    20.000000
blockSize:  13576	 numOfThread:    237	 matchCount: 21625	 runningTime:    20.000000
blockSize:  13519	 numOfThread:    238	 matchCount: 21625	 runningTime:    20.000000
blockSize:  13463	 numOfThread:    239	 matchCount: 21625	 runningTime:    20.000000
blockSize:  13407	 numOfThread:    240	 matchCount: 21625	 runningTime:    20.000000
blockSize:  13351	 numOfThread:    241	 matchCount: 21625	 runningTime:    20.000000
blockSize:  13296	 numOfThread:    242	 matchCount: 21625	 runningTime:    20.000000
blockSize:  13241	 numOfThread:    243	 matchCount: 21625	 runningTime:    20.000000
blockSize:  13187	 numOfThread:    244	 matchCount: 21625	 runningTime:    20.000000
blockSize:  13133	 numOfThread:    245	 matchCount: 21625	 runningTime:    20.000000
blockSize:  13080	 numOfThread:    246	 matchCount: 21625	 runningTime:    20.000000
blockSize:  13027	 numOfThread:    247	 matchCount: 21625	 runningTime:    20.000000
blockSize:  12974	 numOfThread:    248	 matchCount: 21625	 runningTime:    20.000000
blockSize:  12922	 numOfThread:    249	 matchCount: 21625	 runningTime:    30.000000
blockSize:  12870	 numOfThread:    250	 matchCount: 21625	 runningTime:    10.000000
blockSize:  12819	 numOfThread:    251	 matchCount: 21625	 runningTime:    20.000000
blockSize:  12768	 numOfThread:    252	 matchCount: 21625	 runningTime:    20.000000
blockSize:  12718	 numOfThread:    253	 matchCount: 21625	 runningTime:    20.000000
blockSize:  12668	 numOfThread:    254	 matchCount: 21625	 runningTime:    30.000000
blockSize:  12618	 numOfThread:    255	 matchCount: 21625	 runningTime:    10.000000
blockSize:  12569	 numOfThread:    256	 matchCount: 21625	 runningTime:    20.000000
blockSize:  12520	 numOfThread:    257	 matchCount: 21625	 runningTime:    30.000000
blockSize:  12471	 numOfThread:    258	 matchCount: 21625	 runningTime:    20.000000
blockSize:  12423	 numOfThread:    259	 matchCount: 21625	 runningTime:    20.000000
blockSize:  12375	 numOfThread:    260	 matchCount: 21625	 runningTime:    10.000000
blockSize:  12328	 numOfThread:    261	 matchCount: 21625	 runningTime:    20.000000
blockSize:  12281	 numOfThread:    262	 matchCount: 21625	 runningTime:    20.000000
blockSize:  12234	 numOfThread:    263	 matchCount: 21625	 runningTime:    30.000000
blockSize:  12188	 numOfThread:    264	 matchCount: 21625	 runningTime:    20.000000
blockSize:  12142	 numOfThread:    265	 matchCount: 21625	 runningTime:    10.000000
blockSize:  12096	 numOfThread:    266	 matchCount: 21625	 runningTime:    30.000000
blockSize:  12051	 numOfThread:    267	 matchCount: 21625	 runningTime:    20.000000
blockSize:  12006	 numOfThread:    268	 matchCount: 21625	 runningTime:    20.000000
blockSize:  11961	 numOfThread:    269	 matchCount: 21625	 runningTime:    20.000000
blockSize:  11917	 numOfThread:    270	 matchCount: 21625	 runningTime:    20.000000
blockSize:  11873	 numOfThread:    271	 matchCount: 21625	 runningTime:    20.000000
blockSize:  11829	 numOfThread:    272	 matchCount: 21625	 runningTime:    20.000000
blockSize:  11786	 numOfThread:    273	 matchCount: 21625	 runningTime:    20.000000
blockSize:  11743	 numOfThread:    274	 matchCount: 21625	 runningTime:    20.000000
blockSize:  11700	 numOfThread:    275	 matchCount: 21625	 runningTime:    30.000000
blockSize:  11658	 numOfThread:    276	 matchCount: 21625	 runningTime:    10.000000
blockSize:  11616	 numOfThread:    277	 matchCount: 21625	 runningTime:    20.000000
blockSize:  11574	 numOfThread:    278	 matchCount: 21625	 runningTime:    20.000000
blockSize:  11532	 numOfThread:    279	 matchCount: 21625	 runningTime:    30.000000
blockSize:  11491	 numOfThread:    280	 matchCount: 21625	 runningTime:    20.000000
blockSize:  11450	 numOfThread:    281	 matchCount: 21625	 runningTime:    10.000000
blockSize:  11410	 numOfThread:    282	 matchCount: 21625	 runningTime:    20.000000
blockSize:  11369	 numOfThread:    283	 matchCount: 21625	 runningTime:    30.000000
blockSize:  11329	 numOfThread:    284	 matchCount: 21625	 runningTime:    20.000000
blockSize:  11290	 numOfThread:    285	 matchCount: 21625	 runningTime:    20.000000
blockSize:  11250	 numOfThread:    286	 matchCount: 21625	 runningTime:    20.000000
blockSize:  11211	 numOfThread:    287	 matchCount: 21625	 runningTime:    20.000000
blockSize:  11172	 numOfThread:    288	 matchCount: 21625	 runningTime:    20.000000
blockSize:  11133	 numOfThread:    289	 matchCount: 21625	 runningTime:    20.000000
blockSize:  11095	 numOfThread:    290	 matchCount: 21625	 runningTime:    20.000000
blockSize:  11057	 numOfThread:    291	 matchCount: 21625	 runningTime:    20.000000
blockSize:  11019	 numOfThread:    292	 matchCount: 21625	 runningTime:    30.000000
blockSize:  10981	 numOfThread:    293	 matchCount: 21625	 runningTime:    20.000000
blockSize:  10944	 numOfThread:    294	 matchCount: 21625	 runningTime:    10.000000
blockSize:  10907	 numOfThread:    295	 matchCount: 21625	 runningTime:    20.000000
blockSize:  10870	 numOfThread:    296	 matchCount: 21625	 runningTime:    20.000000
blockSize:  10834	 numOfThread:    297	 matchCount: 21625	 runningTime:    30.000000
blockSize:  10797	 numOfThread:    298	 matchCount: 21625	 runningTime:    20.000000
blockSize:  10761	 numOfThread:    299	 matchCount: 21625	 runningTime:    20.000000
blockSize:  10725	 numOfThread:    300	 matchCount: 21625	 runningTime:    20.000000
blockSize:  10690	 numOfThread:    301	 matchCount: 21625	 runningTime:    20.000000
blockSize:  10654	 numOfThread:    302	 matchCount: 21625	 runningTime:    20.000000
blockSize:  10619	 numOfThread:    303	 matchCount: 21625	 runningTime:    20.000000
blockSize:  10584	 numOfThread:    304	 matchCount: 21625	 runningTime:    30.000000
blockSize:  10549	 numOfThread:    305	 matchCount: 21625	 runningTime:    20.000000
blockSize:  10515	 numOfThread:    306	 matchCount: 21625	 runningTime:    10.000000
blockSize:  10481	 numOfThread:    307	 matchCount: 21625	 runningTime:    20.000000
blockSize:  10447	 numOfThread:    308	 matchCount: 21625	 runningTime:    30.000000
blockSize:  10413	 numOfThread:    309	 matchCount: 21625	 runningTime:    20.000000
blockSize:  10379	 numOfThread:    310	 matchCount: 21625	 runningTime:    10.000000
blockSize:  10346	 numOfThread:    311	 matchCount: 21625	 runningTime:    30.000000
blockSize:  10313	 numOfThread:    312	 matchCount: 21625	 runningTime:    20.000000
blockSize:  10280	 numOfThread:    313	 matchCount: 21625	 runningTime:    20.000000
blockSize:  10247	 numOfThread:    314	 matchCount: 21625	 runningTime:    20.000000
blockSize:  10214	 numOfThread:    315	 matchCount: 21625	 runningTime:    30.000000
blockSize:  10182	 numOfThread:    316	 matchCount: 21625	 runningTime:    10.000000
blockSize:  10150	 numOfThread:    317	 matchCount: 21625	 runningTime:    20.000000
blockSize:  10118	 numOfThread:    318	 matchCount: 21625	 runningTime:    20.000000
blockSize:  10086	 numOfThread:    319	 matchCount: 21625	 runningTime:    20.000000
blockSize:  10055	 numOfThread:    320	 matchCount: 21625	 runningTime:    30.000000
blockSize:  10023	 numOfThread:    321	 matchCount: 21625	 runningTime:    20.000000
blockSize:  9992	 numOfThread:    322	 matchCount: 21625	 runningTime:    20.000000
blockSize:  9961	 numOfThread:    323	 matchCount: 21625	 runningTime:    20.000000
blockSize:  9931	 numOfThread:    324	 matchCount: 21625	 runningTime:    20.000000
blockSize:  9900	 numOfThread:    325	 matchCount: 21625	 runningTime:    30.000000
blockSize:  9870	 numOfThread:    326	 matchCount: 21625	 runningTime:    10.000000
blockSize:  9840	 numOfThread:    327	 matchCount: 21625	 runningTime:    20.000000
blockSize:  9810	 numOfThread:    328	 matchCount: 21625	 runningTime:    20.000000
blockSize:  9780	 numOfThread:    329	 matchCount: 21625	 runningTime:    30.000000
blockSize:  9750	 numOfThread:    330	 matchCount: 21625	 runningTime:    20.000000
blockSize:  9721	 numOfThread:    331	 matchCount: 21625	 runningTime:    10.000000
blockSize:  9691	 numOfThread:    332	 matchCount: 21625	 runningTime:    30.000000
blockSize:  9662	 numOfThread:    333	 matchCount: 21625	 runningTime:    20.000000
blockSize:  9633	 numOfThread:    334	 matchCount: 21625	 runningTime:    20.000000
blockSize:  9605	 numOfThread:    335	 matchCount: 21625	 runningTime:    20.000000
blockSize:  9576	 numOfThread:    336	 matchCount: 21625	 runningTime:    20.000000
blockSize:  9548	 numOfThread:    337	 matchCount: 21625	 runningTime:    30.000000
blockSize:  9519	 numOfThread:    338	 matchCount: 21625	 runningTime:    20.000000
blockSize:  9491	 numOfThread:    339	 matchCount: 21625	 runningTime:    10.000000
blockSize:  9463	 numOfThread:    340	 matchCount: 21625	 runningTime:    30.000000
blockSize:  9436	 numOfThread:    341	 matchCount: 21625	 runningTime:    20.000000
blockSize:  9408	 numOfThread:    342	 matchCount: 21625	 runningTime:    20.000000
blockSize:  9381	 numOfThread:    343	 matchCount: 21625	 runningTime:    20.000000
blockSize:  9353	 numOfThread:    344	 matchCount: 21625	 runningTime:    30.000000
blockSize:  9326	 numOfThread:    345	 matchCount: 21625	 runningTime:    10.000000
blockSize:  9299	 numOfThread:    346	 matchCount: 21625	 runningTime:    30.000000
blockSize:  9272	 numOfThread:    347	 matchCount: 21625	 runningTime:    20.000000
blockSize:  9246	 numOfThread:    348	 matchCount: 21625	 runningTime:    20.000000
blockSize:  9219	 numOfThread:    349	 matchCount: 21625	 runningTime:    20.000000
blockSize:  9193	 numOfThread:    350	 matchCount: 21625	 runningTime:    20.000000
blockSize:  9167	 numOfThread:    351	 matchCount: 21625	 runningTime:    20.000000
blockSize:  9141	 numOfThread:    352	 matchCount: 21625	 runningTime:    20.000000
blockSize:  9115	 numOfThread:    353	 matchCount: 21625	 runningTime:    20.000000
blockSize:  9089	 numOfThread:    354	 matchCount: 21625	 runningTime:    30.000000
blockSize:  9063	 numOfThread:    355	 matchCount: 21625	 runningTime:    10.000000
blockSize:  9038	 numOfThread:    356	 matchCount: 21625	 runningTime:    30.000000
blockSize:  9013	 numOfThread:    357	 matchCount: 21625	 runningTime:    20.000000
blockSize:  8987	 numOfThread:    358	 matchCount: 21625	 runningTime:    20.000000
blockSize:  8962	 numOfThread:    359	 matchCount: 21625	 runningTime:    20.000000
blockSize:  8938	 numOfThread:    360	 matchCount: 21625	 runningTime:    20.000000
blockSize:  8913	 numOfThread:    361	 matchCount: 21625	 runningTime:    20.000000
blockSize:  8888	 numOfThread:    362	 matchCount: 21625	 runningTime:    30.000000
blockSize:  8864	 numOfThread:    363	 matchCount: 21625	 runningTime:    20.000000
blockSize:  8839	 numOfThread:    364	 matchCount: 21625	 runningTime:    20.000000
blockSize:  8815	 numOfThread:    365	 matchCount: 21625	 runningTime:    20.000000
blockSize:  8791	 numOfThread:    366	 matchCount: 21625	 runningTime:    20.000000
blockSize:  8767	 numOfThread:    367	 matchCount: 21625	 runningTime:    30.000000
blockSize:  8743	 numOfThread:    368	 matchCount: 21625	 runningTime:    20.000000
blockSize:  8720	 numOfThread:    369	 matchCount: 21625	 runningTime:    10.000000
blockSize:  8696	 numOfThread:    370	 matchCount: 21625	 runningTime:    30.000000
blockSize:  8673	 numOfThread:    371	 matchCount: 21625	 runningTime:    20.000000
blockSize:  8649	 numOfThread:    372	 matchCount: 21625	 runningTime:    20.000000
blockSize:  8626	 numOfThread:    373	 matchCount: 21625	 runningTime:    20.000000
blockSize:  8603	 numOfThread:    374	 matchCount: 21625	 runningTime:    20.000000
blockSize:  8580	 numOfThread:    375	 matchCount: 21625	 runningTime:    20.000000
blockSize:  8557	 numOfThread:    376	 matchCount: 21625	 runningTime:    30.000000
blockSize:  8535	 numOfThread:    377	 matchCount: 21625	 runningTime:    20.000000
blockSize:  8512	 numOfThread:    378	 matchCount: 21625	 runningTime:    10.000000
blockSize:  8489	 numOfThread:    379	 matchCount: 21625	 runningTime:    30.000000
blockSize:  8467	 numOfThread:    380	 matchCount: 21625	 runningTime:    20.000000
blockSize:  8445	 numOfThread:    381	 matchCount: 21625	 runningTime:    20.000000
blockSize:  8423	 numOfThread:    382	 matchCount: 21625	 runningTime:    30.000000
blockSize:  8401	 numOfThread:    383	 matchCount: 21625	 runningTime:    20.000000
blockSize:  8379	 numOfThread:    384	 matchCount: 21625	 runningTime:    10.000000
blockSize:  8357	 numOfThread:    385	 matchCount: 21625	 runningTime:    30.000000
blockSize:  8336	 numOfThread:    386	 matchCount: 21625	 runningTime:    20.000000
blockSize:  8314	 numOfThread:    387	 matchCount: 21625	 runningTime:    20.000000
blockSize:  8293	 numOfThread:    388	 matchCount: 21625	 runningTime:    30.000000
blockSize:  8271	 numOfThread:    389	 matchCount: 21625	 runningTime:    10.000000
blockSize:  8250	 numOfThread:    390	 matchCount: 21625	 runningTime:    30.000000
blockSize:  8229	 numOfThread:    391	 matchCount: 21625	 runningTime:    20.000000
blockSize:  8208	 numOfThread:    392	 matchCount: 21625	 runningTime:    20.000000
blockSize:  8187	 numOfThread:    393	 matchCount: 21625	 runningTime:    20.000000
blockSize:  8166	 numOfThread:    394	 matchCount: 21625	 runningTime:    20.000000
blockSize:  8146	 numOfThread:    395	 matchCount: 21625	 runningTime:    30.000000
blockSize:  8125	 numOfThread:    396	 matchCount: 21625	 runningTime:    20.000000
blockSize:  8105	 numOfThread:    397	 matchCount: 21625	 runningTime:    40.000000
blockSize:  8084	 numOfThread:    398	 matchCount: 21625	 runningTime:    40.000000
blockSize:  8064	 numOfThread:    399	 matchCount: 21625	 runningTime:    50.000000
blockSize:  8044	 numOfThread:    400	 matchCount: 21625	 runningTime:    40.000000
blockSize:  8024	 numOfThread:    401	 matchCount: 21625	 runningTime:    50.000000
blockSize:  8004	 numOfThread:    402	 matchCount: 21625	 runningTime:    40.000000
blockSize:  7984	 numOfThread:    403	 matchCount: 21625	 runningTime:    20.000000
blockSize:  7964	 numOfThread:    404	 matchCount: 21625	 runningTime:    30.000000
blockSize:  7944	 numOfThread:    405	 matchCount: 21625	 runningTime:    20.000000
blockSize:  7925	 numOfThread:    406	 matchCount: 21625	 runningTime:    20.000000
blockSize:  7905	 numOfThread:    407	 matchCount: 21625	 runningTime:    20.000000
blockSize:  7886	 numOfThread:    408	 matchCount: 21625	 runningTime:    20.000000
blockSize:  7867	 numOfThread:    409	 matchCount: 21625	 runningTime:    20.000000
blockSize:  7848	 numOfThread:    410	 matchCount: 21625	 runningTime:    30.000000
blockSize:  7828	 numOfThread:    411	 matchCount: 21625	 runningTime:    20.000000
blockSize:  7809	 numOfThread:    412	 matchCount: 21625	 runningTime:    10.000000
blockSize:  7791	 numOfThread:    413	 matchCount: 21625	 runningTime:    30.000000
blockSize:  7772	 numOfThread:    414	 matchCount: 21625	 runningTime:    30.000000
blockSize:  7753	 numOfThread:    415	 matchCount: 21625	 runningTime:    10.000000
blockSize:  7734	 numOfThread:    416	 matchCount: 21625	 runningTime:    20.000000
blockSize:  7716	 numOfThread:    417	 matchCount: 21625	 runningTime:    30.000000
blockSize:  7697	 numOfThread:    418	 matchCount: 21625	 runningTime:    20.000000
blockSize:  7679	 numOfThread:    419	 matchCount: 21625	 runningTime:    30.000000
blockSize:  7661	 numOfThread:    420	 matchCount: 21625	 runningTime:    10.000000
blockSize:  7642	 numOfThread:    421	 matchCount: 21625	 runningTime:    30.000000
blockSize:  7624	 numOfThread:    422	 matchCount: 21625	 runningTime:    20.000000
blockSize:  7606	 numOfThread:    423	 matchCount: 21625	 runningTime:    20.000000
blockSize:  7588	 numOfThread:    424	 matchCount: 21625	 runningTime:    30.000000
blockSize:  7571	 numOfThread:    425	 matchCount: 21625	 runningTime:    10.000000
blockSize:  7553	 numOfThread:    426	 matchCount: 21625	 runningTime:    30.000000
blockSize:  7535	 numOfThread:    427	 matchCount: 21625	 runningTime:    20.000000
blockSize:  7517	 numOfThread:    428	 matchCount: 21625	 runningTime:    20.000000
blockSize:  7500	 numOfThread:    429	 matchCount: 21625	 runningTime:    30.000000
blockSize:  7483	 numOfThread:    430	 matchCount: 21625	 runningTime:    20.000000
blockSize:  7465	 numOfThread:    431	 matchCount: 21625	 runningTime:    20.000000
blockSize:  7448	 numOfThread:    432	 matchCount: 21625	 runningTime:    20.000000
blockSize:  7431	 numOfThread:    433	 matchCount: 21625	 runningTime:    20.000000
blockSize:  7414	 numOfThread:    434	 matchCount: 21625	 runningTime:    30.000000
blockSize:  7397	 numOfThread:    435	 matchCount: 21625	 runningTime:    10.000000
blockSize:  7380	 numOfThread:    436	 matchCount: 21625	 runningTime:    30.000000
blockSize:  7363	 numOfThread:    437	 matchCount: 21625	 runningTime:    20.000000
blockSize:  7346	 numOfThread:    438	 matchCount: 21625	 runningTime:    20.000000
blockSize:  7329	 numOfThread:    439	 matchCount: 21625	 runningTime:    20.000000
blockSize:  7312	 numOfThread:    440	 matchCount: 21625	 runningTime:    20.000000
blockSize:  7296	 numOfThread:    441	 matchCount: 21625	 runningTime:    30.000000
blockSize:  7279	 numOfThread:    442	 matchCount: 21625	 runningTime:    20.000000
blockSize:  7263	 numOfThread:    443	 matchCount: 21625	 runningTime:    20.000000
blockSize:  7247	 numOfThread:    444	 matchCount: 21625	 runningTime:    20.000000
blockSize:  7230	 numOfThread:    445	 matchCount: 21625	 runningTime:    20.000000
blockSize:  7214	 numOfThread:    446	 matchCount: 21625	 runningTime:    30.000000
blockSize:  7198	 numOfThread:    447	 matchCount: 21625	 runningTime:    20.000000
blockSize:  7182	 numOfThread:    448	 matchCount: 21625	 runningTime:    20.000000
blockSize:  7166	 numOfThread:    449	 matchCount: 21625	 runningTime:    30.000000
blockSize:  7150	 numOfThread:    450	 matchCount: 21625	 runningTime:    20.000000
blockSize:  7134	 numOfThread:    451	 matchCount: 21625	 runningTime:    20.000000
blockSize:  7118	 numOfThread:    452	 matchCount: 21625	 runningTime:    20.000000
blockSize:  7103	 numOfThread:    453	 matchCount: 21625	 runningTime:    20.000000
blockSize:  7087	 numOfThread:    454	 matchCount: 21625	 runningTime:    30.000000
blockSize:  7071	 numOfThread:    455	 matchCount: 21625	 runningTime:    20.000000
blockSize:  7056	 numOfThread:    456	 matchCount: 21625	 runningTime:    20.000000
blockSize:  7040	 numOfThread:    457	 matchCount: 21625	 runningTime:    20.000000
blockSize:  7025	 numOfThread:    458	 matchCount: 21625	 runningTime:    30.000000
blockSize:  7010	 numOfThread:    459	 matchCount: 21625	 runningTime:    20.000000
blockSize:  6994	 numOfThread:    460	 matchCount: 21625	 runningTime:    10.000000
blockSize:  6979	 numOfThread:    461	 matchCount: 21625	 runningTime:    30.000000
blockSize:  6964	 numOfThread:    462	 matchCount: 21625	 runningTime:    20.000000
blockSize:  6949	 numOfThread:    463	 matchCount: 21625	 runningTime:    20.000000
blockSize:  6934	 numOfThread:    464	 matchCount: 21625	 runningTime:    30.000000
blockSize:  6919	 numOfThread:    465	 matchCount: 21625	 runningTime:    20.000000
blockSize:  6904	 numOfThread:    466	 matchCount: 21625	 runningTime:    20.000000
blockSize:  6890	 numOfThread:    467	 matchCount: 21625	 runningTime:    20.000000
blockSize:  6875	 numOfThread:    468	 matchCount: 21625	 runningTime:    20.000000
blockSize:  6860	 numOfThread:    469	 matchCount: 21625	 runningTime:    30.000000
blockSize:  6846	 numOfThread:    470	 matchCount: 21625	 runningTime:    30.000000
blockSize:  6831	 numOfThread:    471	 matchCount: 21625	 runningTime:    10.000000
blockSize:  6817	 numOfThread:    472	 matchCount: 21625	 runningTime:    30.000000
blockSize:  6802	 numOfThread:    473	 matchCount: 21625	 runningTime:    20.000000
blockSize:  6788	 numOfThread:    474	 matchCount: 21625	 runningTime:    20.000000
blockSize:  6774	 numOfThread:    475	 matchCount: 21625	 runningTime:    20.000000
blockSize:  6759	 numOfThread:    476	 matchCount: 21625	 runningTime:    30.000000
blockSize:  6745	 numOfThread:    477	 matchCount: 21625	 runningTime:    20.000000
blockSize:  6731	 numOfThread:    478	 matchCount: 21625	 runningTime:    30.000000
blockSize:  6717	 numOfThread:    479	 matchCount: 21625	 runningTime:    20.000000
blockSize:  6703	 numOfThread:    480	 matchCount: 21625	 runningTime:    20.000000
blockSize:  6689	 numOfThread:    481	 matchCount: 21625	 runningTime:    20.000000
blockSize:  6675	 numOfThread:    482	 matchCount: 21625	 runningTime:    20.000000
blockSize:  6661	 numOfThread:    483	 matchCount: 21625	 runningTime:    20.000000
blockSize:  6648	 numOfThread:    484	 matchCount: 21625	 runningTime:    20.000000
blockSize:  6634	 numOfThread:    485	 matchCount: 21625	 runningTime:    30.000000
blockSize:  6620	 numOfThread:    486	 matchCount: 21625	 runningTime:    30.000000
blockSize:  6607	 numOfThread:    487	 matchCount: 21625	 runningTime:    20.000000
blockSize:  6593	 numOfThread:    488	 matchCount: 21625	 runningTime:    20.000000
blockSize:  6580	 numOfThread:    489	 matchCount: 21625	 runningTime:    20.000000
blockSize:  6566	 numOfThread:    490	 matchCount: 21625	 runningTime:    20.000000
blockSize:  6553	 numOfThread:    491	 matchCount: 21625	 runningTime:    30.000000
blockSize:  6540	 numOfThread:    492	 matchCount: 21625	 runningTime:    20.000000
blockSize:  6526	 numOfThread:    493	 matchCount: 21625	 runningTime:    20.000000
blockSize:  6513	 numOfThread:    494	 matchCount: 21625	 runningTime:    20.000000
blockSize:  6500	 numOfThread:    495	 matchCount: 21625	 runningTime:    30.000000
blockSize:  6487	 numOfThread:    496	 matchCount: 21625	 runningTime:    20.000000
blockSize:  6474	 numOfThread:    497	 matchCount: 21625	 runningTime:    20.000000
blockSize:  6461	 numOfThread:    498	 matchCount: 21625	 runningTime:    30.000000
blockSize:  6448	 numOfThread:    499	 matchCount: 21625	 runningTime:    20.000000
blockSize:  6435	 numOfThread:    500	 matchCount: 21625	 runningTime:    20.000000
